1651585450689	geckodriver	INFO	Listening on 127.0.0.1:62968
1651585453953	mozrunner::runner	INFO	Running command: "C:\\Program Files\\Mozilla Firefox\\firefox.exe" "--marionette" "--remote-debugging-port" "62969" "--remote-allow-hosts" "localhost" "-no-remote" "-profile" "C:\\Users\\Artyom\\AppData\\Local\\Temp\\rust_mozprofilemrtbZH"
1651585455015	Marionette	INFO	Marionette enabled
console.warn: SearchSettings: "get: No settings file exists, new profile?" (new NotFoundError("Could not open the file at C:\\Users\\Artyom\\AppData\\Local\\Temp\\rust_mozprofilemrtbZH\\search.json.mozlz4", (void 0)))
DevTools listening on ws://localhost:62969/devtools/browser/3d4a3baa-1087-443c-81fa-ad5762793fe8
1651585463797	Marionette	INFO	Listening on port 62996
Read port: 62996
1651585464421	RemoteAgent	WARN	TLS certificate errors will be ignored for this session
1651585464587	Marionette	INFO	Stopped listening on port 62996

###!!! [Parent][PGPUParent] Error: RunMessage(msgname=PGPU::Msg_ShutdownVR) Channel closing: too late to send/recv, messages will be lost

1651585527128	geckodriver	INFO	Listening on 127.0.0.1:63001
1651585530206	mozrunner::runner	INFO	Running command: "C:\\Program Files\\Mozilla Firefox\\firefox.exe" "--marionette" "--remote-debugging-port" "63002" "--remote-allow-hosts" "localhost" "-no-remote" "-profile" "C:\\Users\\Artyom\\AppData\\Local\\Temp\\rust_mozprofileKUnjv6"
1651585530619	Marionette	INFO	Marionette enabled
console.warn: SearchSettings: "get: No settings file exists, new profile?" (new NotFoundError("Could not open the file at C:\\Users\\Artyom\\AppData\\Local\\Temp\\rust_mozprofileKUnjv6\\search.json.mozlz4", (void 0)))
DevTools listening on ws://localhost:63002/devtools/browser/8b6aea1b-c144-4c95-947e-6bc1d22eb066
1651585534747	Marionette	INFO	Listening on port 63018
Read port: 63018
1651585536618	RemoteAgent	WARN	TLS certificate errors will be ignored for this session
1651585536754	Marionette	INFO	Stopped listening on port 63018
console.log: "RemoteSettingsWorker error: Error: Can't import when we've started shutting down."
JavaScript error: resource://gre/modules/JSONFile.jsm, line 186: Error: Data is not ready.
console.log: "RemoteSettingsWorker error: Error: Can't import when we've started shutting down."
console.log: "RemoteSettingsWorker error: Error: Can't import when we've started shutting down."
console.log: "RemoteSettingsWorker error: Error: Can't import when we've started shutting down."

###!!! [Parent][PGPUParent] Error: RunMessage(msgname=PGPU::Msg_ShutdownVR) Channel closing: too late to send/recv, messages will be lost

JavaScript error: resource://gre/modules/CrashManager.jsm, line 898: AbortError: IOUtils: Shutting down and refusing additional I/O tasks
